0 info it worked if it ends with ok
1 verbose cli [ 'c:\\Program Files (x86)\\nodejs\\\\node.exe',
1 verbose cli   'c:\\Program Files (x86)\\nodejs\\node_modules\\npm\\bin\\npm-cli.js',
1 verbose cli   'run',
1 verbose cli   'mocha' ]
2 info using npm@1.4.28
3 info using node@v0.10.33
4 verbose node symlink c:\Program Files (x86)\nodejs\\node.exe
5 verbose run-script [ 'premocha', 'mocha', 'postmocha' ]
6 info premocha mean@0.4.1
7 info mocha mean@0.4.1
8 verbose unsafe-perm in lifecycle true
9 info mean@0.4.1 Failed to exec mocha script
10 error mean@0.4.1 mocha: `node node_modules/.bin/mocha packages/**/server/tests/**/*.js -R spec -r tools/test/mocha-req.js`
10 error Exit status 8
11 error Failed at the mean@0.4.1 mocha script.
11 error This is most likely a problem with the mean package,
11 error not with npm itself.
11 error Tell the author that this fails on your system:
11 error     node node_modules/.bin/mocha packages/**/server/tests/**/*.js -R spec -r tools/test/mocha-req.js
11 error You can get their info via:
11 error     npm owner ls mean
11 error There is likely additional logging output above.
12 error System Windows_NT 6.1.7601
13 error command "c:\\Program Files (x86)\\nodejs\\\\node.exe" "c:\\Program Files (x86)\\nodejs\\node_modules\\npm\\bin\\npm-cli.js" "run" "mocha"
14 error cwd c:\fdenewapp
15 error node -v v0.10.33
16 error npm -v 1.4.28
17 error code ELIFECYCLE
18 verbose exit [ 1, true ]
